SF:lib/data/local/app_database.g.dart
DA:11,1
DA:14,2
DA:15,1
DA:22,2
DA:23,1
DA:30,2
DA:31,1
DA:38,2
DA:39,1
DA:46,2
DA:47,1
DA:51,1
DA:53,1
DA:55,6
DA:56,1
DA:57,2
DA:58,1
DA:61,1
DA:65,1
DA:66,1
DA:67,1
DA:68,4
DA:70,1
DA:71,1
DA:73,2
DA:74,1
DA:76,1
DA:77,1
DA:79,2
DA:80,1
DA:82,1
DA:83,1
DA:85,2
DA:86,1
DA:88,1
DA:89,1
DA:91,2
DA:92,1
DA:97,1
DA:98,1
DA:99,1
DA:101,0
DA:102,1
DA:103,2
DA:104,3
DA:105,2
DA:106,3
DA:107,2
DA:108,3
DA:109,3
DA:110,2
DA:111,2
DA:112,3
DA:116,0
DA:118,0
DA:129,1
DA:135,0
DA:137,0
DA:138,0
DA:139,0
DA:140,0
DA:141,0
DA:142,0
DA:146,0
DA:147,0
DA:148,0
DA:149,0
DA:150,0
DA:151,0
DA:152,0
DA:156,0
DA:158,0
DA:159,0
DA:160,0
DA:161,0
DA:162,0
DA:163,0
DA:164,0
DA:167,0
DA:169,0
DA:170,0
DA:171,0
DA:172,0
DA:173,0
DA:174,0
DA:175,0
DA:179,0
DA:185,0
DA:186,0
DA:187,0
DA:188,0
DA:189,0
DA:190,0
DA:192,0
DA:193,0
DA:194,0
DA:195,0
DA:196,0
DA:197,0
DA:198,0
DA:199,0
DA:200,0
DA:201,0
DA:202,0
DA:203,0
DA:205,0
DA:209,0
DA:211,0
DA:212,0
DA:213,0
DA:214,0
DA:215,0
DA:216,0
DA:217,0
DA:218,0
DA:221,0
DA:223,0
DA:224,0
DA:227,0
DA:228,0
DA:229,0
DA:230,0
DA:231,0
DA:232,0
DA:241,1
DA:248,0
DA:255,0
DA:262,0
DA:263,0
DA:264,0
DA:265,0
DA:266,0
DA:267,0
DA:271,0
DA:277,0
DA:278,0
DA:279,0
DA:280,0
DA:281,0
DA:282,0
DA:286,1
DA:288,1
DA:289,2
DA:290,4
DA:292,2
DA:293,4
DA:295,2
DA:296,4
DA:298,2
DA:299,4
DA:301,2
DA:302,4
DA:307,0
DA:309,0
DA:310,0
DA:311,0
DA:312,0
DA:313,0
DA:314,0
DA:315,0
DA:316,0
DA:325,1
DA:328,2
DA:329,1
DA:333,2
DA:334,1
DA:338,2
DA:339,1
DA:343,2
DA:344,1
DA:351,2
DA:352,1
DA:359,2
DA:360,1
DA:365,2
DA:366,1
DA:368,1
DA:370,8
DA:371,1
DA:372,2
DA:373,1
DA:376,0
DA:379,0
DA:380,0
DA:381,0
DA:382,0
DA:384,0
DA:386,0
DA:387,0
DA:388,0
DA:390,0
DA:392,0
DA:393,0
DA:394,0
DA:396,0
DA:398,0
DA:399,0
DA:400,0
DA:402,0
DA:403,0
DA:405,0
DA:406,0
DA:408,0
DA:409,0
DA:410,0
DA:412,0
DA:414,0
DA:415,0
DA:416,0
DA:418,0
DA:423,1
DA:424,1
DA:425,0
DA:427,0
DA:428,0
DA:429,0
DA:430,0
DA:431,0
DA:432,0
DA:433,0
DA:434,0
DA:435,0
DA:436,0
DA:437,0
DA:438,0
DA:439,0
DA:440,0
DA:441,0
DA:442,0
DA:446,0
DA:448,0
DA:460,0
DA:468,0
DA:470,0
DA:471,0
DA:472,0
DA:473,0
DA:474,0
DA:475,0
DA:476,0
DA:477,0
DA:481,0
DA:482,0
DA:483,0
DA:484,0
DA:485,0
DA:486,0
DA:487,0
DA:488,0
DA:489,0
DA:493,0
DA:495,0
DA:496,0
DA:497,0
DA:498,0
DA:499,0
DA:500,0
DA:501,0
DA:502,0
DA:503,0
DA:506,0
DA:508,0
DA:509,0
DA:510,0
DA:511,0
DA:512,0
DA:513,0
DA:514,0
DA:515,0
DA:516,0
DA:520,0
DA:528,0
DA:529,0
DA:530,0
DA:531,0
DA:532,0
DA:533,0
DA:534,0
DA:535,0
DA:537,0
DA:538,0
DA:539,0
DA:540,0
DA:541,0
DA:542,0
DA:544,0
DA:545,0
DA:546,0
DA:550,0
DA:552,0
DA:553,0
DA:554,0
DA:555,0
DA:556,0
DA:557,0
DA:558,0
DA:559,0
DA:560,0
DA:561,0
DA:564,0
DA:566,0
DA:567,0
DA:570,0
DA:571,0
DA:572,0
DA:573,0
DA:574,0
DA:575,0
DA:576,0
DA:577,0
DA:589,0
DA:599,0
DA:608,0
DA:609,0
DA:610,0
DA:611,0
DA:612,0
DA:613,0
DA:623,0
DA:624,0
DA:625,0
DA:626,0
DA:627,0
DA:628,0
DA:629,0
DA:630,0
DA:631,0
DA:635,0
DA:644,0
DA:645,0
DA:646,0
DA:647,0
DA:648,0
DA:649,0
DA:650,0
DA:651,0
DA:652,0
DA:656,0
DA:658,0
DA:659,0
DA:660,0
DA:662,0
DA:663,0
DA:665,0
DA:666,0
DA:668,0
DA:669,0
DA:671,0
DA:672,0
DA:674,0
DA:675,0
DA:677,0
DA:678,0
DA:680,0
DA:681,0
DA:686,0
DA:688,0
DA:689,0
DA:690,0
DA:691,0
DA:692,0
DA:693,0
DA:694,0
DA:695,0
DA:696,0
DA:697,0
DA:698,0
DA:707,1
DA:710,2
DA:711,1
DA:715,2
DA:716,1
DA:720,2
DA:721,1
DA:726,2
DA:727,1
DA:731,2
DA:732,1
DA:734,1
DA:735,6
DA:736,1
DA:737,2
DA:738,1
DA:741,0
DA:744,0
DA:745,0
DA:746,0
DA:747,0
DA:749,0
DA:751,0
DA:752,0
DA:753,0
DA:755,0
DA:757,0
DA:758,0
DA:759,0
DA:761,0
DA:763,0
DA:764,0
DA:766,0
DA:767,0
DA:769,0
DA:771,0
DA:772,0
DA:773,0
DA:778,1
DA:779,1
DA:780,0
DA:782,0
DA:783,0
DA:784,0
DA:785,0
DA:786,0
DA:787,0
DA:788,0
DA:789,0
DA:790,0
DA:791,0
DA:792,0
DA:793,0
DA:797,0
DA:799,0
DA:810,0
DA:816,0
DA:818,0
DA:819,0
DA:820,0
DA:821,0
DA:822,0
DA:823,0
DA:824,0
DA:829,0
DA:830,0
DA:831,0
DA:832,0
DA:833,0
DA:834,0
DA:836,0
DA:840,0
DA:842,0
DA:843,0
DA:844,0
DA:845,0
DA:846,0
DA:847,0
DA:848,0
DA:851,0
DA:853,0
DA:854,0
DA:855,0
DA:856,0
DA:857,0
DA:858,0
DA:859,0
DA:863,0
DA:869,0
DA:870,0
DA:871,0
DA:872,0
DA:873,0
DA:874,0
DA:876,0
DA:877,0
DA:878,0
DA:879,0
DA:880,0
DA:882,0
DA:883,0
DA:887,0
DA:889,0
DA:890,0
DA:891,0
DA:892,0
DA:893,0
DA:894,0
DA:895,0
DA:896,0
DA:899,0
DA:900,0
DA:901,0
DA:904,0
DA:905,0
DA:906,0
DA:907,0
DA:908,0
DA:909,0
DA:919,0
DA:927,0
DA:934,0
DA:935,0
DA:936,0
DA:937,0
DA:938,0
DA:946,0
DA:947,0
DA:948,0
DA:949,0
DA:950,0
DA:951,0
DA:952,0
DA:956,0
DA:963,0
DA:964,0
DA:965,0
DA:966,0
DA:967,0
DA:968,0
DA:969,0
DA:973,0
DA:975,0
DA:976,0
DA:977,0
DA:979,0
DA:980,0
DA:982,0
DA:983,0
DA:985,0
DA:986,0
DA:988,0
DA:989,0
DA:991,0
DA:992,0
DA:997,0
DA:999,0
DA:1000,0
DA:1001,0
DA:1002,0
DA:1003,0
DA:1004,0
DA:1005,0
DA:1006,0
DA:1007,0
DA:1016,1
DA:1019,2
DA:1020,1
DA:1024,2
DA:1025,1
DA:1029,2
DA:1030,1
DA:1035,2
DA:1036,1
DA:1038,1
DA:1039,5
DA:1040,1
DA:1041,2
DA:1042,1
DA:1045,0
DA:1048,0
DA:1049,0
DA:1050,0
DA:1051,0
DA:1053,0
DA:1055,0
DA:1056,0
DA:1057,0
DA:1059,0
DA:1061,0
DA:1062,0
DA:1063,0
DA:1065,0
DA:1067,0
DA:1068,0
DA:1069,0
DA:1071,0
DA:1076,1
DA:1077,1
DA:1078,0
DA:1080,0
DA:1081,0
DA:1082,0
DA:1083,0
DA:1084,0
DA:1085,0
DA:1086,0
DA:1087,0
DA:1088,0
DA:1089,0
DA:1093,0
DA:1095,0
DA:1104,0
DA:1109,0
DA:1111,0
DA:1112,0
DA:1113,0
DA:1114,0
DA:1115,0
DA:1119,0
DA:1120,0
DA:1121,0
DA:1122,0
DA:1123,0
DA:1124,0
DA:1128,0
DA:1130,0
DA:1131,0
DA:1132,0
DA:1133,0
DA:1134,0
DA:1135,0
DA:1138,0
DA:1140,0
DA:1141,0
DA:1142,0
DA:1143,0
DA:1144,0
DA:1145,0
DA:1149,0
DA:1151,0
DA:1152,0
DA:1153,0
DA:1154,0
DA:1155,0
DA:1157,0
DA:1158,0
DA:1159,0
DA:1160,0
DA:1161,0
DA:1162,0
DA:1166,0
DA:1168,0
DA:1169,0
DA:1170,0
DA:1171,0
DA:1172,0
DA:1173,0
DA:1174,0
DA:1177,0
DA:1178,0
DA:1179,0
DA:1182,0
DA:1183,0
DA:1184,0
DA:1185,0
DA:1186,0
DA:1195,0
DA:1202,0
DA:1208,0
DA:1209,0
DA:1210,0
DA:1211,0
DA:1212,0
DA:1219,0
DA:1220,0
DA:1221,0
DA:1222,0
DA:1223,0
DA:1224,0
DA:1228,0
DA:1234,0
DA:1235,0
DA:1236,0
DA:1237,0
DA:1238,0
DA:1239,0
DA:1243,0
DA:1245,0
DA:1246,0
DA:1247,0
DA:1249,0
DA:1250,0
DA:1252,0
DA:1253,0
DA:1255,0
DA:1256,0
DA:1258,0
DA:1259,0
DA:1264,0
DA:1266,0
DA:1267,0
DA:1268,0
DA:1269,0
DA:1270,0
DA:1271,0
DA:1272,0
DA:1273,0
DA:1282,1
DA:1285,2
DA:1286,1
DA:1291,2
DA:1292,1
DA:1295,1
DA:1301,2
DA:1302,1
DA:1305,1
DA:1311,2
DA:1312,1
DA:1315,1
DA:1321,2
DA:1322,1
DA:1327,2
DA:1328,1
DA:1330,1
DA:1331,1
DA:1332,1
DA:1333,1
DA:1334,1
DA:1335,1
DA:1336,1
DA:1337,1
DA:1339,1
DA:1340,2
DA:1341,1
DA:1344,0
DA:1348,0
DA:1349,0
DA:1350,0
DA:1351,0
DA:1352,0
DA:1354,0
DA:1356,0
DA:1357,0
DA:1359,0
DA:1360,0
DA:1362,0
DA:1363,0
DA:1365,0
DA:1366,0
DA:1368,0
DA:1369,0
DA:1371,0
DA:1372,0
DA:1374,0
DA:1375,0
DA:1377,0
DA:1378,0
DA:1380,0
DA:1381,0
DA:1383,0
DA:1384,0
DA:1389,1
DA:1390,1
DA:1391,0
DA:1394,0
DA:1395,0
DA:1396,0
DA:1397,0
DA:1398,0
DA:1399,0
DA:1400,0
DA:1401,0
DA:1402,0
DA:1403,0
DA:1404,0
DA:1405,0
DA:1406,0
DA:1407,0
DA:1411,0
DA:1413,0
DA:1425,0
DA:1432,0
DA:1434,0
DA:1435,0
DA:1436,0
DA:1437,0
DA:1438,0
DA:1439,0
DA:1440,0
DA:1442,0
DA:1443,0
DA:1448,0
DA:1449,0
DA:1450,0
DA:1451,0
DA:1452,0
DA:1453,0
DA:1454,0
DA:1456,0
DA:1457,0
DA:1459,0
DA:1463,0
DA:1465,0
DA:1466,0
DA:1467,0
DA:1468,0
DA:1469,0
DA:1470,0
DA:1471,0
DA:1472,0
DA:1475,0
DA:1477,0
DA:1478,0
DA:1479,0
DA:1480,0
DA:1481,0
DA:1482,0
DA:1483,0
DA:1484,0
DA:1488,0
DA:1495,0
DA:1496,0
DA:1497,0
DA:1498,0
DA:1499,0
DA:1501,0
DA:1503,0
DA:1505,0
DA:1507,0
DA:1508,0
DA:1509,0
DA:1510,0
DA:1511,0
DA:1512,0
DA:1513,0
DA:1514,0
DA:1515,0
DA:1516,0
DA:1517,0
DA:1518,0
DA:1519,0
DA:1520,0
DA:1521,0
DA:1522,0
DA:1523,0
DA:1527,0
DA:1529,0
DA:1530,0
DA:1531,0
DA:1532,0
DA:1533,0
DA:1534,0
DA:1535,0
DA:1536,0
DA:1537,0
DA:1540,0
DA:1541,0
DA:1542,0
DA:1543,0
DA:1546,0
DA:1547,0
DA:1548,0
DA:1549,0
DA:1550,0
DA:1551,0
DA:1552,0
DA:1564,0
DA:1573,0
DA:1581,0
DA:1582,0
DA:1591,0
DA:1592,0
DA:1593,0
DA:1594,0
DA:1595,0
DA:1596,0
DA:1597,0
DA:1598,0
DA:1602,0
DA:1610,0
DA:1611,0
DA:1612,0
DA:1613,0
DA:1614,0
DA:1615,0
DA:1616,0
DA:1617,0
DA:1621,0
DA:1623,0
DA:1624,0
DA:1625,0
DA:1627,0
DA:1628,0
DA:1630,0
DA:1631,0
DA:1633,0
DA:1634,0
DA:1636,0
DA:1637,0
DA:1639,0
DA:1640,0
DA:1642,0
DA:1643,0
DA:1648,0
DA:1650,0
DA:1651,0
DA:1652,0
DA:1653,0
DA:1654,0
DA:1655,0
DA:1656,0
DA:1657,0
DA:1658,0
DA:1659,0
DA:1668,1
DA:1671,2
DA:1672,1
DA:1676,2
DA:1677,1
DA:1682,2
DA:1683,1
DA:1687,2
DA:1688,1
DA:1695,2
DA:1696,1
DA:1700,1
DA:1705,2
DA:1706,1
DA:1709,1
DA:1712,1
DA:1714,7
DA:1715,1
DA:1716,2
DA:1717,1
DA:1720,0
DA:1724,0
DA:1725,0
DA:1726,0
DA:1727,0
DA:1729,0
DA:1731,0
DA:1732,0
DA:1733,0
DA:1735,0
DA:1737,0
DA:1738,0
DA:1740,0
DA:1741,0
DA:1743,0
DA:1745,0
DA:1746,0
DA:1747,0
DA:1749,0
DA:1750,0
DA:1751,0
DA:1753,0
DA:1754,0
DA:1756,0
DA:1757,0
DA:1762,1
DA:1763,1
DA:1764,0
DA:1766,0
DA:1767,0
DA:1768,0
DA:1769,0
DA:1770,0
DA:1771,0
DA:1772,0
DA:1773,0
DA:1774,0
DA:1775,0
DA:1776,0
DA:1777,0
DA:1778,0
DA:1779,0
DA:1783,0
DA:1785,0
DA:1797,0
DA:1804,0
DA:1806,0
DA:1807,0
DA:1808,0
DA:1809,0
DA:1810,0
DA:1811,0
DA:1812,0
DA:1816,0
DA:1817,0
DA:1818,0
DA:1819,0
DA:1820,0
DA:1821,0
DA:1822,0
DA:1823,0
DA:1827,0
DA:1829,0
DA:1830,0
DA:1831,0
DA:1832,0
DA:1833,0
DA:1834,0
DA:1835,0
DA:1836,0
DA:1839,0
DA:1841,0
DA:1842,0
DA:1843,0
DA:1844,0
DA:1845,0
DA:1846,0
DA:1847,0
DA:1848,0
DA:1852,0
DA:1859,0
DA:1860,0
DA:1861,0
DA:1862,0
DA:1863,0
DA:1864,0
DA:1865,0
DA:1867,0
DA:1868,0
DA:1869,0
DA:1870,0
DA:1872,0
DA:1873,0
DA:1874,0
DA:1875,0
DA:1876,0
DA:1877,0
DA:1881,0
DA:1883,0
DA:1884,0
DA:1885,0
DA:1886,0
DA:1887,0
DA:1888,0
DA:1889,0
DA:1890,0
DA:1891,0
DA:1894,0
DA:1896,0
DA:1897,0
DA:1900,0
DA:1901,0
DA:1902,0
DA:1903,0
DA:1904,0
DA:1905,0
DA:1906,0
DA:1917,0
DA:1926,0
DA:1934,0
DA:1935,0
DA:1936,0
DA:1937,0
DA:1946,0
DA:1947,0
DA:1948,0
DA:1949,0
DA:1950,0
DA:1951,0
DA:1952,0
DA:1953,0
DA:1957,0
DA:1965,0
DA:1966,0
DA:1967,0
DA:1968,0
DA:1969,0
DA:1970,0
DA:1971,0
DA:1972,0
DA:1976,0
DA:1978,0
DA:1979,0
DA:1980,0
DA:1982,0
DA:1983,0
DA:1985,0
DA:1986,0
DA:1988,0
DA:1989,0
DA:1991,0
DA:1992,0
DA:1994,0
DA:1995,0
DA:1997,0
DA:1998,0
DA:2003,0
DA:2005,0
DA:2006,0
DA:2007,0
DA:2008,0
DA:2009,0
DA:2010,0
DA:2011,0
DA:2012,0
DA:2013,0
DA:2014,0
DA:2023,1
DA:2026,2
DA:2027,1
DA:2031,2
DA:2032,1
DA:2037,2
DA:2038,1
DA:2043,2
DA:2044,1
DA:2049,2
DA:2050,1
DA:2052,1
DA:2054,6
DA:2055,1
DA:2056,2
DA:2057,1
DA:2060,0
DA:2064,0
DA:2065,0
DA:2066,0
DA:2067,0
DA:2069,0
DA:2071,0
DA:2072,0
DA:2073,0
DA:2075,0
DA:2077,0
DA:2078,0
DA:2080,0
DA:2081,0
DA:2083,0
DA:2085,0
DA:2086,0
DA:2087,0
DA:2089,0
DA:2091,0
DA:2092,0
DA:2093,0
DA:2098,1
DA:2099,1
DA:2100,0
DA:2102,0
DA:2103,0
DA:2104,0
DA:2105,0
DA:2106,0
DA:2107,0
DA:2108,0
DA:2109,0
DA:2110,0
DA:2111,0
DA:2112,0
DA:2113,0
DA:2117,0
DA:2119,0
DA:2130,0
DA:2136,0
DA:2138,0
DA:2139,0
DA:2140,0
DA:2141,0
DA:2142,0
DA:2143,0
DA:2144,0
DA:2149,0
DA:2150,0
DA:2151,0
DA:2152,0
DA:2153,0
DA:2154,0
DA:2155,0
DA:2157,0
DA:2161,0
DA:2163,0
DA:2164,0
DA:2165,0
DA:2166,0
DA:2167,0
DA:2168,0
DA:2169,0
DA:2172,0
DA:2174,0
DA:2175,0
DA:2176,0
DA:2177,0
DA:2178,0
DA:2179,0
DA:2180,0
DA:2184,0
DA:2190,0
DA:2191,0
DA:2192,0
DA:2193,0
DA:2194,0
DA:2195,0
DA:2197,0
DA:2198,0
DA:2199,0
DA:2200,0
DA:2202,0
DA:2203,0
DA:2204,0
DA:2208,0
DA:2210,0
DA:2211,0
DA:2212,0
DA:2213,0
DA:2214,0
DA:2215,0
DA:2216,0
DA:2217,0
DA:2220,0
DA:2221,0
DA:2222,0
DA:2225,0
DA:2226,0
DA:2227,0
DA:2228,0
DA:2229,0
DA:2230,0
DA:2240,0
DA:2248,0
DA:2255,0
DA:2256,0
DA:2257,0
DA:2258,0
DA:2259,0
DA:2267,0
DA:2268,0
DA:2269,0
DA:2270,0
DA:2271,0
DA:2272,0
DA:2273,0
DA:2277,0
DA:2284,0
DA:2285,0
DA:2286,0
DA:2287,0
DA:2288,0
DA:2289,0
DA:2290,0
DA:2294,0
DA:2296,0
DA:2297,0
DA:2298,0
DA:2300,0
DA:2301,0
DA:2303,0
DA:2304,0
DA:2306,0
DA:2307,0
DA:2309,0
DA:2310,0
DA:2312,0
DA:2313,0
DA:2318,0
DA:2320,0
DA:2321,0
DA:2322,0
DA:2323,0
DA:2324,0
DA:2325,0
DA:2326,0
DA:2327,0
DA:2328,0
DA:2339,1
DA:2342,2
DA:2343,1
DA:2347,2
DA:2348,1
DA:2353,2
DA:2354,1
DA:2359,2
DA:2360,1
DA:2364,1
DA:2369,2
DA:2370,1
DA:2372,1
DA:2374,6
DA:2375,1
DA:2376,2
DA:2377,1
DA:2380,0
DA:2384,0
DA:2385,0
DA:2386,0
DA:2387,0
DA:2389,0
DA:2391,0
DA:2392,0
DA:2393,0
DA:2395,0
DA:2397,0
DA:2398,0
DA:2400,0
DA:2401,0
DA:2403,0
DA:2405,0
DA:2406,0
DA:2408,0
DA:2409,0
DA:2411,0
DA:2412,0
DA:2414,0
DA:2415,0
DA:2417,0
DA:2422,1
DA:2423,1
DA:2424,0
DA:2427,0
DA:2428,0
DA:2429,0
DA:2430,0
DA:2431,0
DA:2432,0
DA:2433,0
DA:2434,0
DA:2435,0
DA:2436,0
DA:2437,0
DA:2438,0
DA:2442,0
DA:2444,0
DA:2455,0
DA:2461,0
DA:2463,0
DA:2464,0
DA:2465,0
DA:2466,0
DA:2467,0
DA:2468,0
DA:2472,0
DA:2473,0
DA:2474,0
DA:2475,0
DA:2476,0
DA:2477,0
DA:2478,0
DA:2482,0
DA:2484,0
DA:2485,0
DA:2486,0
DA:2487,0
DA:2488,0
DA:2489,0
DA:2490,0
DA:2493,0
DA:2495,0
DA:2496,0
DA:2497,0
DA:2498,0
DA:2499,0
DA:2500,0
DA:2501,0
DA:2505,0
DA:2511,0
DA:2512,0
DA:2513,0
DA:2514,0
DA:2515,0
DA:2516,0
DA:2518,0
DA:2520,0
DA:2521,0
DA:2522,0
DA:2524,0
DA:2526,0
DA:2528,0
DA:2532,0
DA:2534,0
DA:2535,0
DA:2536,0
DA:2537,0
DA:2538,0
DA:2539,0
DA:2540,0
DA:2541,0
DA:2544,0
DA:2546,0
DA:2547,0
DA:2550,0
DA:2551,0
DA:2552,0
DA:2553,0
DA:2554,0
DA:2555,0
DA:2566,0
DA:2574,0
DA:2581,0
DA:2582,0
DA:2583,0
DA:2584,0
DA:2585,0
DA:2593,0
DA:2594,0
DA:2595,0
DA:2596,0
DA:2597,0
DA:2598,0
DA:2599,0
DA:2603,0
DA:2610,0
DA:2611,0
DA:2612,0
DA:2613,0
DA:2614,0
DA:2615,0
DA:2616,0
DA:2620,0
DA:2622,0
DA:2623,0
DA:2624,0
DA:2626,0
DA:2627,0
DA:2629,0
DA:2630,0
DA:2632,0
DA:2633,0
DA:2635,0
DA:2636,0
DA:2638,0
DA:2639,0
DA:2644,0
DA:2646,0
DA:2647,0
DA:2648,0
DA:2649,0
DA:2650,0
DA:2651,0
DA:2652,0
DA:2653,0
DA:2654,0
DA:2665,1
DA:2668,2
DA:2669,1
DA:2674,2
DA:2675,1
DA:2680,2
DA:2681,1
DA:2683,1
DA:2684,4
DA:2685,1
DA:2686,2
DA:2687,1
DA:2690,0
DA:2694,0
DA:2695,0
DA:2696,0
DA:2697,0
DA:2698,0
DA:2700,0
DA:2702,0
DA:2703,0
DA:2705,0
DA:2706,0
DA:2708,0
DA:2710,0
DA:2711,0
DA:2712,0
DA:2714,0
DA:2719,1
DA:2720,1
DA:2721,0
DA:2724,0
DA:2725,0
DA:2726,0
DA:2727,0
DA:2728,0
DA:2729,0
DA:2730,0
DA:2731,0
DA:2735,0
DA:2737,0
DA:2746,0
DA:2750,0
DA:2752,0
DA:2753,0
DA:2754,0
DA:2755,0
DA:2759,0
DA:2760,0
DA:2761,0
DA:2762,0
DA:2763,0
DA:2767,0
DA:2769,0
DA:2770,0
DA:2771,0
DA:2772,0
DA:2773,0
DA:2776,0
DA:2778,0
DA:2779,0
DA:2780,0
DA:2781,0
DA:2782,0
DA:2786,0
DA:2788,0
DA:2789,0
DA:2790,0
DA:2791,0
DA:2793,0
DA:2795,0
DA:2796,0
DA:2798,0
DA:2799,0
DA:2803,0
DA:2805,0
DA:2806,0
DA:2807,0
DA:2808,0
DA:2809,0
DA:2810,0
DA:2813,0
DA:2814,0
DA:2815,0
DA:2818,0
DA:2819,0
DA:2820,0
DA:2821,0
DA:2830,0
DA:2836,0
DA:2841,0
DA:2842,0
DA:2843,0
DA:2844,0
DA:2850,0
DA:2851,0
DA:2852,0
DA:2853,0
DA:2854,0
DA:2858,0
DA:2863,0
DA:2864,0
DA:2865,0
DA:2866,0
DA:2867,0
DA:2871,0
DA:2873,0
DA:2874,0
DA:2875,0
DA:2877,0
DA:2878,0
DA:2880,0
DA:2881,0
DA:2883,0
DA:2884,0
DA:2889,0
DA:2891,0
DA:2892,0
DA:2893,0
DA:2894,0
DA:2895,0
DA:2896,0
DA:2897,0
DA:2906,1
DA:2909,2
DA:2910,1
DA:2914,2
DA:2915,1
DA:2920,2
DA:2921,1
DA:2926,2
DA:2927,1
DA:2933,2
DA:2934,1
DA:2936,1
DA:2937,6
DA:2938,1
DA:2939,2
DA:2940,1
DA:2943,1
DA:2947,1
DA:2948,1
DA:2949,1
DA:2950,4
DA:2952,0
DA:2954,1
DA:2955,1
DA:2956,3
DA:2958,0
DA:2960,1
DA:2961,1
DA:2962,3
DA:2964,0
DA:2966,1
DA:2967,1
DA:2969,2
DA:2970,1
DA:2972,1
DA:2973,1
DA:2974,3
DA:2976,0
DA:2981,1
DA:2982,1
DA:2983,0
DA:2985,0
DA:2986,0
DA:2987,0
DA:2988,0
DA:2989,0
DA:2990,0
DA:2991,0
DA:2992,0
DA:2993,0
DA:2994,0
DA:2995,0
DA:2996,0
DA:3000,0
DA:3002,0
DA:3015,0
DA:3021,0
DA:3023,0
DA:3024,0
DA:3025,0
DA:3026,0
DA:3027,0
DA:3028,0
DA:3032,0
DA:3033,0
DA:3034,0
DA:3035,0
DA:3036,0
DA:3037,0
DA:3038,0
DA:3042,0
DA:3044,0
DA:3045,0
DA:3046,0
DA:3047,0
DA:3048,0
DA:3049,0
DA:3050,0
DA:3053,0
DA:3055,0
DA:3056,0
DA:3057,0
DA:3058,0
DA:3059,0
DA:3060,0
DA:3061,0
DA:3065,0
DA:3071,0
DA:3072,0
DA:3073,0
DA:3074,0
DA:3075,0
DA:3076,0
DA:3078,0
DA:3079,0
DA:3080,0
DA:3081,0
DA:3082,0
DA:3084,0
DA:3085,0
DA:3089,0
DA:3091,0
DA:3092,0
DA:3093,0
DA:3094,0
DA:3095,0
DA:3096,0
DA:3097,0
DA:3098,0
DA:3101,0
DA:3102,0
DA:3103,0
DA:3106,0
DA:3107,0
DA:3108,0
DA:3109,0
DA:3110,0
DA:3111,0
DA:3121,1
DA:3129,0
DA:3136,0
DA:3137,0
DA:3138,0
DA:3139,0
DA:3140,0
DA:3148,0
DA:3149,0
DA:3150,0
DA:3151,0
DA:3152,0
DA:3153,0
DA:3154,0
DA:3158,0
DA:3165,0
DA:3166,0
DA:3167,0
DA:3168,0
DA:3169,0
DA:3170,0
DA:3171,0
DA:3175,1
DA:3177,1
DA:3178,2
DA:3179,4
DA:3181,2
DA:3182,4
DA:3184,2
DA:3185,4
DA:3187,2
DA:3188,4
DA:3190,2
DA:3191,4
DA:3193,2
DA:3194,0
DA:3199,0
DA:3201,0
DA:3202,0
DA:3203,0
DA:3204,0
DA:3205,0
DA:3206,0
DA:3207,0
DA:3208,0
DA:3209,0
DA:3214,2
DA:3215,0
DA:3216,1
DA:3217,1
DA:3218,2
DA:3219,2
DA:3220,2
DA:3221,1
DA:3222,1
DA:3223,1
DA:3224,1
DA:3225,1
DA:3226,1
DA:3227,1
DA:3228,1
DA:3229,1
DA:3230,1
DA:3231,1
DA:3232,1
DA:3233,1
DA:3234,1
DA:3241,2
DA:3242,0
DA:3244,0
DA:3245,1
DA:3246,1
DA:3247,1
DA:3248,1
DA:3249,1
DA:3250,1
DA:3251,1
DA:3252,1
DA:3253,1
DA:3254,1
DA:3255,1
DA:3256,1
DA:3279,0
DA:3286,0
DA:3287,0
DA:3289,0
DA:3290,0
DA:3292,0
DA:3293,0
DA:3295,0
DA:3296,0
DA:3298,0
DA:3299,0
DA:3304,0
DA:3311,0
DA:3312,0
DA:3314,0
DA:3315,0
DA:3316,0
DA:3318,0
DA:3319,0
DA:3320,0
DA:3322,0
DA:3323,0
DA:3324,0
DA:3326,0
DA:3327,0
DA:3332,0
DA:3339,0
DA:3340,0
DA:3342,0
DA:3343,0
DA:3345,0
DA:3346,0
DA:3348,0
DA:3349,0
DA:3351,0
DA:3352,0
DA:3371,0
DA:3373,0
DA:3376,0
DA:3377,0
DA:3378,0
DA:3379,0
DA:3380,0
DA:3381,0
DA:3382,0
DA:3389,0
DA:3396,0
DA:3403,0
DA:3410,0
DA:3411,0
DA:3412,0
DA:3456,0
DA:3463,0
DA:3464,0
DA:3466,0
DA:3467,0
DA:3469,0
DA:3470,0
DA:3472,0
DA:3473,0
DA:3475,0
DA:3476,0
DA:3478,0
DA:3479,0
DA:3481,0
DA:3482,0
DA:3487,0
DA:3494,0
DA:3495,0
DA:3497,0
DA:3498,0
DA:3500,0
DA:3501,0
DA:3503,0
DA:3504,0
DA:3506,0
DA:3507,0
DA:3509,0
DA:3510,0
DA:3512,0
DA:3513,0
DA:3518,0
DA:3525,0
DA:3526,0
DA:3528,0
DA:3529,0
DA:3531,0
DA:3532,0
DA:3534,0
DA:3535,0
DA:3537,0
DA:3538,0
DA:3540,0
DA:3541,0
DA:3543,0
DA:3544,0
DA:3562,0
DA:3563,0
DA:3566,0
DA:3567,0
DA:3568,0
DA:3569,0
DA:3570,0
DA:3571,0
DA:3572,0
DA:3582,0
DA:3592,0
DA:3602,0
DA:3612,0
DA:3613,0
DA:3614,0
DA:3655,0
DA:3662,0
DA:3663,0
DA:3665,0
DA:3666,0
DA:3668,0
DA:3669,0
DA:3671,0
DA:3672,0
DA:3674,0
DA:3675,0
DA:3680,0
DA:3687,0
DA:3688,0
DA:3690,0
DA:3691,0
DA:3693,0
DA:3694,0
DA:3696,0
DA:3697,0
DA:3699,0
DA:3700,0
DA:3705,0
DA:3712,0
DA:3713,0
DA:3715,0
DA:3716,0
DA:3718,0
DA:3719,0
DA:3721,0
DA:3722,0
DA:3724,0
DA:3725,0
DA:3743,0
DA:3744,0
DA:3747,0
DA:3748,0
DA:3749,0
DA:3750,0
DA:3751,0
DA:3752,0
DA:3753,0
DA:3761,0
DA:3769,0
DA:3777,0
DA:3785,0
DA:3786,0
DA:3787,0
DA:3824,0
DA:3831,0
DA:3832,0
DA:3834,0
DA:3835,0
DA:3837,0
DA:3838,0
DA:3840,0
DA:3841,0
DA:3846,0
DA:3853,0
DA:3854,0
DA:3856,0
DA:3857,0
DA:3859,0
DA:3860,0
DA:3862,0
DA:3863,0
DA:3868,0
DA:3875,0
DA:3876,0
DA:3878,0
DA:3879,0
DA:3881,0
DA:3882,0
DA:3884,0
DA:3885,0
DA:3903,0
DA:3904,0
DA:3907,0
DA:3908,0
DA:3909,0
DA:3910,0
DA:3911,0
DA:3912,0
DA:3913,0
DA:3920,0
DA:3927,0
DA:3934,0
DA:3941,0
DA:3942,0
DA:3943,0
DA:3986,0
DA:3993,0
DA:3994,0
DA:3996,0
DA:3997,0
DA:3998,0
DA:4000,0
DA:4001,0
DA:4002,0
DA:4004,0
DA:4005,0
DA:4006,0
DA:4008,0
DA:4009,0
DA:4011,0
DA:4012,0
DA:4017,0
DA:4024,0
DA:4025,0
DA:4027,0
DA:4028,0
DA:4029,0
DA:4031,0
DA:4032,0
DA:4033,0
DA:4035,0
DA:4036,0
DA:4037,0
DA:4039,0
DA:4040,0
DA:4041,0
DA:4043,0
DA:4044,0
DA:4045,0
DA:4050,0
DA:4057,0
DA:4058,0
DA:4060,0
DA:4061,0
DA:4063,0
DA:4064,0
DA:4066,0
DA:4067,0
DA:4069,0
DA:4070,0
DA:4072,0
DA:4073,0
DA:4092,0
DA:4094,0
DA:4097,0
DA:4098,0
DA:4100,0
DA:4101,0
DA:4103,0
DA:4104,0
DA:4106,0
DA:4115,0
DA:4124,0
DA:4133,0
DA:4142,0
DA:4143,0
DA:4144,0
DA:4189,0
DA:4196,0
DA:4197,0
DA:4199,0
DA:4200,0
DA:4202,0
DA:4203,0
DA:4205,0
DA:4206,0
DA:4208,0
DA:4209,0
DA:4211,0
DA:4212,0
DA:4217,0
DA:4224,0
DA:4225,0
DA:4227,0
DA:4228,0
DA:4230,0
DA:4231,0
DA:4233,0
DA:4234,0
DA:4236,0
DA:4237,0
DA:4239,0
DA:4240,0
DA:4241,0
DA:4246,0
DA:4253,0
DA:4254,0
DA:4256,0
DA:4257,0
DA:4259,0
DA:4260,0
DA:4262,0
DA:4263,0
DA:4265,0
DA:4266,0
DA:4268,0
DA:4269,0
DA:4288,0
DA:4290,0
DA:4293,0
DA:4294,0
DA:4295,0
DA:4296,0
DA:4297,0
DA:4298,0
DA:4299,0
DA:4308,0
DA:4317,0
DA:4326,0
DA:4335,0
DA:4336,0
DA:4337,0
DA:4379,0
DA:4386,0
DA:4387,0
DA:4389,0
DA:4390,0
DA:4392,0
DA:4393,0
DA:4395,0
DA:4396,0
DA:4398,0
DA:4399,0
DA:4404,0
DA:4411,0
DA:4412,0
DA:4414,0
DA:4415,0
DA:4417,0
DA:4418,0
DA:4420,0
DA:4421,0
DA:4423,0
DA:4424,0
DA:4429,0
DA:4436,0
DA:4437,0
DA:4439,0
DA:4440,0
DA:4442,0
DA:4443,0
DA:4445,0
DA:4446,0
DA:4448,0
DA:4449,0
DA:4467,0
DA:4469,0
DA:4472,0
DA:4473,0
DA:4474,0
DA:4475,0
DA:4476,0
DA:4477,0
DA:4478,0
DA:4486,0
DA:4494,0
DA:4502,0
DA:4510,0
DA:4511,0
DA:4512,0
DA:4553,0
DA:4560,0
DA:4561,0
DA:4563,0
DA:4564,0
DA:4566,0
DA:4567,0
DA:4569,0
DA:4570,0
DA:4572,0
DA:4573,0
DA:4578,0
DA:4585,0
DA:4586,0
DA:4588,0
DA:4589,0
DA:4591,0
DA:4592,0
DA:4594,0
DA:4595,0
DA:4597,0
DA:4598,0
DA:4603,0
DA:4610,0
DA:4611,0
DA:4613,0
DA:4614,0
DA:4616,0
DA:4617,0
DA:4619,0
DA:4620,0
DA:4622,0
DA:4623,0
DA:4642,0
DA:4644,0
DA:4647,0
DA:4648,0
DA:4650,0
DA:4651,0
DA:4653,0
DA:4654,0
DA:4656,0
DA:4664,0
DA:4672,0
DA:4680,0
DA:4688,0
DA:4689,0
DA:4690,0
DA:4729,0
DA:4736,0
DA:4737,0
DA:4739,0
DA:4740,0
DA:4742,0
DA:4743,0
DA:4748,0
DA:4755,0
DA:4756,0
DA:4758,0
DA:4759,0
DA:4761,0
DA:4762,0
DA:4767,0
DA:4774,0
DA:4775,0
DA:4777,0
DA:4778,0
DA:4780,0
DA:4781,0
DA:4800,0
DA:4802,0
DA:4805,0
DA:4806,0
DA:4808,0
DA:4809,0
DA:4811,0
DA:4812,0
DA:4814,0
DA:4820,0
DA:4826,0
DA:4832,0
DA:4838,0
DA:4839,0
DA:4840,0
DA:4883,0
DA:4890,0
DA:4891,0
DA:4893,0
DA:4894,0
DA:4896,0
DA:4897,0
DA:4899,0
DA:4900,0
DA:4902,0
DA:4903,0
DA:4908,0
DA:4915,0
DA:4916,0
DA:4918,0
DA:4919,0
DA:4921,0
DA:4922,0
DA:4924,0
DA:4925,0
DA:4927,0
DA:4928,0
DA:4933,0
DA:4940,0
DA:4941,0
DA:4943,0
DA:4944,0
DA:4946,0
DA:4947,0
DA:4949,0
DA:4950,0
DA:4952,0
DA:4953,0
DA:4972,0
DA:4974,0
DA:4977,0
DA:4978,0
DA:4979,0
DA:4980,0
DA:4981,0
DA:4982,0
DA:4983,0
DA:4991,0
DA:4999,0
DA:5007,0
DA:5015,0
DA:5016,0
DA:5017,0
DA:5041,0
DA:5042,0
DA:5043,0
DA:5044,0
DA:5045,0
DA:5046,0
DA:5047,0
DA:5048,0
DA:5049,0
DA:5050,0
DA:5051,0
DA:5052,0
DA:5053,0
DA:5054,0
DA:5055,0
DA:5056,0
DA:5057,0
DA:5058,0
DA:5059,0
DA:5060,0
DA:5061,0
DA:5062,0
DA:5063,0
LF:2246
LH:307
end_of_record
SF:lib/data/local/app_database.dart
DA:52,0
DA:55,1
DA:57,1
DA:60,1
DA:61,1
DA:62,1
DA:63,1
DA:65,0
DA:66,0
DA:67,0
DA:68,0
DA:69,0
DA:70,0
DA:71,0
DA:74,0
DA:75,0
DA:78,0
DA:79,0
DA:80,0
DA:83,0
DA:84,0
DA:85,0
DA:90,0
DA:91,0
DA:92,0
DA:97,0
DA:98,0
DA:99,0
DA:104,0
DA:105,0
DA:106,0
DA:111,0
DA:112,0
DA:115,1
DA:116,2
DA:117,2
DA:119,1
DA:120,2
DA:125,2
DA:126,2
DA:132,1
DA:133,2
DA:138,2
DA:139,2
DA:147,1
DA:148,1
DA:149,1
DA:150,1
DA:152,2
DA:153,1
DA:154,1
DA:163,0
DA:164,0
DA:165,0
DA:166,0
DA:167,0
LF:56
LH:24
end_of_record
SF:lib/data/local/daos/app_settings_dao.g.dart
DA:7,1
DA:8,2
DA:9,0
DA:14,0
DA:15,0
DA:16,0
DA:17,0
LF:7
LH:2
end_of_record
SF:lib/data/local/daos/app_settings_dao.dart
DA:15,1
DA:17,1
DA:18,3
DA:21,1
DA:22,3
DA:25,1
DA:26,3
DA:29,3
DA:30,1
DA:32,1
DA:34,3
DA:35,1
DA:37,2
DA:38,2
DA:45,1
DA:46,7
DA:47,1
DA:48,1
DA:53,1
DA:54,7
DA:55,1
DA:56,1
DA:61,1
DA:62,7
DA:63,1
DA:64,1
DA:69,1
DA:70,7
DA:71,1
DA:72,1
LF:30
LH:30
end_of_record
SF:lib/data/local/daos/calculation_dao.g.dart
DA:7,0
DA:8,0
DA:9,0
DA:10,0
DA:11,0
DA:16,0
DA:17,0
DA:18,0
DA:19,0
DA:20,0
DA:21,0
DA:22,0
LF:12
LH:0
end_of_record
SF:lib/data/local/daos/calculation_dao.dart
DA:17,0
DA:19,0
DA:24,0
DA:25,0
DA:26,0
DA:27,0
DA:29,0
DA:30,0
DA:31,0
DA:35,0
LF:10
LH:0
end_of_record
SF:lib/data/local/daos/games_dao.dart
DA:22,0
DA:24,0
DA:31,0
DA:32,0
DA:34,0
DA:35,0
DA:36,0
DA:40,0
DA:41,0
DA:42,0
DA:46,0
DA:48,0
DA:49,0
DA:50,0
LF:14
LH:0
end_of_record
SF:lib/data/local/daos/games_dao.g.dart
DA:7,0
DA:8,0
DA:9,0
DA:10,0
DA:11,0
DA:12,0
DA:13,0
DA:14,0
DA:19,0
DA:20,0
DA:21,0
DA:22,0
DA:23,0
DA:24,0
DA:25,0
DA:26,0
DA:27,0
DA:28,0
DA:29,0
DA:30,0
DA:31,0
LF:21
LH:0
end_of_record
SF:lib/data/local/daos/golf_course_dao.dart
DA:12,1
DA:14,0
DA:15,0
DA:16,0
DA:19,1
DA:20,3
DA:21,1
DA:23,3
DA:34,0
DA:35,0
DA:36,0
DA:37,0
DA:38,0
DA:39,0
DA:40,0
LF:15
LH:5
end_of_record
SF:lib/data/local/daos/golf_course_dao.g.dart
DA:7,1
DA:8,2
DA:9,0
DA:14,0
DA:15,0
DA:16,0
DA:17,0
LF:7
LH:2
end_of_record
SF:lib/data/local/daos/history_dao.g.dart
DA:7,0
DA:8,0
DA:9,0
DA:10,0
DA:11,0
DA:12,0
DA:13,0
DA:14,0
DA:19,0
DA:20,0
DA:21,0
DA:22,0
DA:23,0
DA:24,0
DA:25,0
DA:26,0
DA:27,0
DA:28,0
DA:29,0
DA:30,0
DA:31,0
LF:21
LH:0
end_of_record
SF:lib/data/local/daos/history_dao.dart
DA:22,0
DA:24,0
DA:25,0
DA:26,0
DA:27,0
DA:28,0
DA:30,0
DA:33,0
DA:38,0
DA:39,0
DA:40,0
DA:41,0
DA:43,0
DA:44,0
DA:47,0
DA:48,0
DA:49,0
DA:50,0
DA:51,0
DA:53,0
DA:54,0
DA:55,0
DA:57,0
DA:58,0
DA:60,0
DA:61,0
DA:63,0
DA:67,0
DA:68,0
DA:69,0
DA:71,0
DA:76,0
DA:77,0
DA:78,0
DA:81,0
DA:82,0
DA:83,0
DA:84,0
DA:85,0
DA:87,0
DA:90,0
DA:91,0
DA:92,0
DA:93,0
DA:94,0
DA:96,0
DA:99,0
DA:100,0
DA:101,0
DA:102,0
DA:105,0
DA:106,0
DA:107,0
DA:108,0
DA:109,0
DA:111,0
LF:56
LH:0
end_of_record
SF:lib/data/local/daos/result_view_dao.g.dart
DA:7,0
DA:8,0
DA:9,0
DA:10,0
DA:11,0
DA:16,0
DA:17,0
DA:18,0
DA:19,0
DA:20,0
DA:21,0
DA:22,0
LF:12
LH:0
end_of_record
SF:lib/data/local/daos/result_view_dao.dart
DA:17,0
DA:19,0
DA:23,0
DA:24,0
DA:25,0
DA:26,0
DA:29,0
DA:33,0
DA:34,0
DA:35,0
DA:36,0
DA:39,0
DA:40,0
DA:41,0
DA:42,0
DA:45,0
DA:46,0
DA:47,0
DA:48,0
LF:19
LH:0
end_of_record
SF:lib/data/local/daos/score_entry_dao.dart
DA:25,0
DA:27,0
DA:28,0
DA:29,0
DA:32,0
DA:33,0
DA:34,0
DA:35,0
DA:36,0
DA:38,0
DA:41,0
DA:42,0
DA:43,0
DA:44,0
DA:45,0
DA:47,0
DA:50,0
DA:51,0
DA:52,0
DA:53,0
DA:56,0
DA:57,0
DA:58,0
DA:59,0
DA:60,0
DA:62,0
DA:65,0
DA:66,0
DA:67,0
DA:68,0
DA:69,0
DA:70,0
DA:72,0
DA:75,0
DA:81,0
DA:82,0
DA:83,0
DA:84,0
DA:85,0
DA:86,0
DA:89,0
DA:90,0
DA:91,0
DA:92,0
DA:93,0
DA:94,0
DA:95,0
DA:101,0
DA:102,0
DA:103,0
DA:104,0
LF:51
LH:0
end_of_record
SF:lib/data/local/daos/score_entry_dao.g.dart
DA:7,0
DA:8,0
DA:9,0
DA:10,0
DA:11,0
DA:12,0
DA:13,0
DA:14,0
DA:15,0
DA:20,0
DA:21,0
DA:22,0
DA:23,0
DA:24,0
DA:25,0
DA:26,0
DA:27,0
DA:28,0
DA:29,0
DA:30,0
DA:31,0
DA:32,0
DA:33,0
DA:34,0
DA:35,0
LF:25
LH:0
end_of_record
SF:lib/data/local/tables/app_settings_table.dart
DA:4,0
DA:5,0
DA:6,0
DA:7,0
DA:8,0
DA:9,0
DA:11,0
DA:12,0
LF:8
LH:0
end_of_record
SF:lib/data/local/tables/computed_hole_results_table.dart
DA:4,0
DA:5,0
DA:6,0
DA:7,0
DA:8,0
DA:10,0
DA:11,0
LF:7
LH:0
end_of_record
SF:lib/data/local/tables/game_rule_settings_table.dart
DA:4,0
DA:6,0
DA:7,0
DA:9,0
DA:10,0
DA:12,0
DA:13,0
DA:15,0
DA:16,0
DA:18,0
DA:19,0
LF:11
LH:0
end_of_record
SF:lib/data/local/tables/games_table.dart
DA:4,0
DA:5,0
DA:6,0
DA:7,0
DA:8,0
DA:9,0
DA:10,0
DA:12,0
DA:13,0
LF:9
LH:0
end_of_record
SF:lib/data/local/tables/golf_courses_table.dart
DA:4,0
DA:5,0
DA:6,0
DA:7,0
DA:10,0
DA:12,0
DA:13,0
LF:7
LH:0
end_of_record
SF:lib/data/local/tables/hole_configs_table.dart
DA:4,0
DA:5,0
DA:6,0
DA:7,0
DA:8,0
DA:9,0
DA:10,0
DA:12,0
DA:13,0
LF:9
LH:0
end_of_record
SF:lib/data/local/tables/hole_scores_table.dart
DA:4,0
DA:5,0
DA:6,0
DA:7,0
DA:8,0
DA:10,0
DA:11,0
LF:7
LH:0
end_of_record
SF:lib/data/local/tables/players_table.dart
DA:4,0
DA:5,0
DA:6,0
DA:7,0
DA:8,0
DA:10,0
DA:11,0
LF:7
LH:0
end_of_record
SF:lib/data/local/tables/settlement_snapshots_table.dart
DA:4,0
DA:5,0
DA:6,0
DA:8,0
DA:9,0
LF:5
LH:0
end_of_record
SF:lib/data/local/tables/teams_table.dart
DA:4,0
DA:5,0
DA:6,0
DA:7,0
DA:9,0
DA:10,0
LF:6
LH:0
end_of_record
SF:lib/core/enums/app_currency.dart
DA:8,0
DA:9,0
DA:10,0
DA:11,0
LF:4
LH:0
end_of_record
SF:lib/core/enums/app_language.dart
DA:8,1
DA:9,1
DA:10,3
DA:11,0
LF:4
LH:3
end_of_record
SF:lib/domain/entities/golf_course.dart
DA:8,0
LF:1
LH:0
end_of_record
